<?xml version="1.0" encoding="UTF-8"?>
<testng-results skipped="0" failed="1" ignored="0" total="1" passed="0">
  <reporter-output>
  </reporter-output>
  <suite name="Suite" duration-ms="93796" started-at="2019-08-05T09:13:51Z" finished-at="2019-08-05T09:15:25Z">
    <groups>
    </groups>
    <test name="Test" duration-ms="93796" started-at="2019-08-05T09:13:51Z" finished-at="2019-08-05T09:15:25Z">
      <class name="com.elite.Test_execution">
        <test-method status="FAIL" signature="positiveflow()[pri:1, instance:com.elite.Test_execution@4c70fda8]" name="positiveflow" duration-ms="92389" started-at="2019-08-05T09:13:52Z" finished-at="2019-08-05T09:15:24Z">
          <exception class="org.openqa.selenium.WebDriverException">
            <message>
              <![CDATA[unknown error: unable to discover open pages
Build info: version: '3.14.0', revision: 'aacccce0', time: '2018-08-02T20:19:58.91Z'
System info: host: 'SIVADASS-KOB-MA', ip: '192.168.1.14', os.name: 'Windows 10', os.arch: 'amd64', os.version: '10.0', java.version: '1.8.0_201'
Driver info: driver.version: ChromeDriver
remote stacktrace: Backtrace:
Ordinal0 [0x00967C93+1473683]
Ordinal0 [0x008EADB1+961969]
Ordinal0 [0x008742E3+475875]
Ordinal0 [0x0080F2C1+62145]
Ordinal0 [0x0080BC77+48247]
Ordinal0 [0x00829149+168265]
Ordinal0 [0x00828D1D+167197]
Ordinal0 [0x0082742B+160811]
Ordinal0 [0x00810AE6+68326]
Ordinal0 [0x00811BF0+72688]
Ordinal0 [0x00811B89+72585]
Ordinal0 [0x00904B77+1067895]
GetHandleVerifier [0x00A06875+506677]
GetHandleVerifier [0x00A06610+506064]
GetHandleVerifier [0x00A0D1B8+533624]
GetHandleVerifier [0x00A0704A+508682]
Ordinal0 [0x008FC266+1032806]
Ordinal0 [0x008FC0DF+1032415]
Ordinal0 [0x00906A8B+1075851]
Ordinal0 [0x00906BF3+1076211]
Ordinal0 [0x00905BA5+1072037]
BaseThreadInitThunk [0x77A18494+36]
RtlAreBitsSet [0x77DA41C8+136]
RtlAreBitsSet [0x77DA4198+88]
]]>
            </message>
            <full-stacktrace>
              <![CDATA[org.openqa.selenium.WebDriverException: unknown error: unable to discover open pages
Build info: version: '3.14.0', revision: 'aacccce0', time: '2018-08-02T20:19:58.91Z'
System info: host: 'SIVADASS-KOB-MA', ip: '192.168.1.14', os.name: 'Windows 10', os.arch: 'amd64', os.version: '10.0', java.version: '1.8.0_201'
Driver info: driver.version: ChromeDriver
remote stacktrace: Backtrace:
Ordinal0 [0x00967C93+1473683]
Ordinal0 [0x008EADB1+961969]
Ordinal0 [0x008742E3+475875]
Ordinal0 [0x0080F2C1+62145]
Ordinal0 [0x0080BC77+48247]
Ordinal0 [0x00829149+168265]
Ordinal0 [0x00828D1D+167197]
Ordinal0 [0x0082742B+160811]
Ordinal0 [0x00810AE6+68326]
Ordinal0 [0x00811BF0+72688]
Ordinal0 [0x00811B89+72585]
Ordinal0 [0x00904B77+1067895]
GetHandleVerifier [0x00A06875+506677]
GetHandleVerifier [0x00A06610+506064]
GetHandleVerifier [0x00A0D1B8+533624]
GetHandleVerifier [0x00A0704A+508682]
Ordinal0 [0x008FC266+1032806]
Ordinal0 [0x008FC0DF+1032415]
Ordinal0 [0x00906A8B+1075851]
Ordinal0 [0x00906BF3+1076211]
Ordinal0 [0x00905BA5+1072037]
BaseThreadInitThunk [0x77A18494+36]
RtlAreBitsSet [0x77DA41C8+136]
RtlAreBitsSet [0x77DA4198+88]

at sun.reflect.NativeConstructorAccessorImpl.newInstance0(Native Method)
at sun.reflect.NativeConstructorAccessorImpl.newInstance(NativeConstructorAccessorImpl.java:62)
at sun.reflect.DelegatingConstructorAccessorImpl.newInstance(DelegatingConstructorAccessorImpl.java:45)
at java.lang.reflect.Constructor.newInstance(Constructor.java:423)
at org.openqa.selenium.remote.W3CHandshakeResponse.lambda$new$0(W3CHandshakeResponse.java:57)
at org.openqa.selenium.remote.W3CHandshakeResponse.lambda$getResponseFunction$2(W3CHandshakeResponse.java:104)
at org.openqa.selenium.remote.ProtocolHandshake.lambda$createSession$0(ProtocolHandshake.java:122)
at java.util.stream.ReferencePipeline$3$1.accept(ReferencePipeline.java:193)
at java.util.Spliterators$ArraySpliterator.tryAdvance(Spliterators.java:958)
at java.util.stream.ReferencePipeline.forEachWithCancel(ReferencePipeline.java:126)
at java.util.stream.AbstractPipeline.copyIntoWithCancel(AbstractPipeline.java:498)
at java.util.stream.AbstractPipeline.copyInto(AbstractPipeline.java:485)
at java.util.stream.AbstractPipeline.wrapAndCopyInto(AbstractPipeline.java:471)
at java.util.stream.FindOps$FindOp.evaluateSequential(FindOps.java:152)
at java.util.stream.AbstractPipeline.evaluate(AbstractPipeline.java:234)
at java.util.stream.ReferencePipeline.findFirst(ReferencePipeline.java:464)
at org.openqa.selenium.remote.ProtocolHandshake.createSession(ProtocolHandshake.java:125)
at org.openqa.selenium.remote.ProtocolHandshake.createSession(ProtocolHandshake.java:73)
at org.openqa.selenium.remote.HttpCommandExecutor.execute(HttpCommandExecutor.java:136)
at org.openqa.selenium.remote.service.DriverCommandExecutor.execute(DriverCommandExecutor.java:83)
at org.openqa.selenium.remote.RemoteWebDriver.execute(RemoteWebDriver.java:548)
at org.openqa.selenium.remote.RemoteWebDriver.startSession(RemoteWebDriver.java:212)
at org.openqa.selenium.remote.RemoteWebDriver.<init>(RemoteWebDriver.java:130)
at org.openqa.selenium.chrome.ChromeDriver.<init>(ChromeDriver.java:181)
at org.openqa.selenium.chrome.ChromeDriver.<init>(ChromeDriver.java:168)
at org.openqa.selenium.chrome.ChromeDriver.<init>(ChromeDriver.java:123)
at com.elite.Test_execution.positiveflow(Test_execution.java:15)
at sun.reflect.NativeMethodAccessorImpl.invoke0(Native Method)
at sun.reflect.NativeMethodAccessorImpl.invoke(NativeMethodAccessorImpl.java:62)
at sun.reflect.DelegatingMethodAccessorImpl.invoke(DelegatingMethodAccessorImpl.java:43)
at java.lang.reflect.Method.invoke(Method.java:498)
at org.testng.internal.MethodInvocationHelper.invokeMethod(MethodInvocationHelper.java:124)
at org.testng.internal.Invoker.invokeMethod(Invoker.java:580)
at org.testng.internal.Invoker.invokeTestMethod(Invoker.java:716)
at org.testng.internal.Invoker.invokeTestMethods(Invoker.java:988)
at org.testng.internal.TestMethodWorker.invokeTestMethods(TestMethodWorker.java:125)
at org.testng.internal.TestMethodWorker.run(TestMethodWorker.java:109)
at org.testng.TestRunner.privateRun(TestRunner.java:648)
at org.testng.TestRunner.run(TestRunner.java:505)
at org.testng.SuiteRunner.runTest(SuiteRunner.java:455)
at org.testng.SuiteRunner.runSequentially(SuiteRunner.java:450)
at org.testng.SuiteRunner.privateRun(SuiteRunner.java:415)
at org.testng.SuiteRunner.run(SuiteRunner.java:364)
at org.testng.SuiteRunnerWorker.runSuite(SuiteRunnerWorker.java:52)
at org.testng.SuiteRunnerWorker.run(SuiteRunnerWorker.java:84)
at org.testng.TestNG.runSuitesSequentially(TestNG.java:1208)
at org.testng.TestNG.runSuitesLocally(TestNG.java:1137)
at org.testng.TestNG.runSuites(TestNG.java:1049)
at org.testng.TestNG.run(TestNG.java:1017)
at org.testng.remote.AbstractRemoteTestNG.run(AbstractRemoteTestNG.java:114)
at org.testng.remote.RemoteTestNG.initAndRun(RemoteTestNG.java:251)
at org.testng.remote.RemoteTestNG.main(RemoteTestNG.java:77)
]]>
            </full-stacktrace>
          </exception> <!-- org.openqa.selenium.WebDriverException -->
          <reporter-output>
          </reporter-output>
        </test-method> <!-- positiveflow -->
      </class> <!-- com.elite.Test_execution -->
    </test> <!-- Test -->
  </suite> <!-- Suite -->
</testng-results>
